=== Started 2016-12-06T13-25-53-086 ===
[INFO ][13:26:03] [1m[32mGLSG OS 1.3.4[37m - An open source multi-protocol ogar server[0m
[WARN ][13:26:04] ./ipbanlist.txt is missing.
[WARN ][13:26:05] User account "Local Administrator" disabled
[WARN ][13:26:06] User account "Local Moderator" disabled
[WARN ][13:26:06] User account "Local User" disabled
[INFO ][13:26:06] 0 user records loaded.
[INFO ][13:26:07] 25 bad words loaded
[WARN ][13:26:07] TLS: not supported (SSL certificate not found!)
[INFO ][13:26:08] WebSocket: ws
[INFO ][13:26:17] Started stats server on port 88
[INFO ][13:26:17] Listening on port 443
[INFO ][13:26:18] Current game mode is Free For All
[NONE ][13:30:54]  Player has joined the server!
[NONE ][13:30:54] CONNECTED    127.0.0.1:50193, origin: "file://"
[NONE ][13:33:40] DISCONNECTED 127.0.0.1:50193, code: 1006, reason: "undefined", name: ""
[NONE ][13:41:52]  Player has joined the server!
[NONE ][13:41:52] CONNECTED    127.0.0.1:50210, origin: "file://"
[NONE ][13:42:04]  Player has joined the server!
[NONE ][13:42:04] CONNECTED    127.0.0.1:50211, origin: "file://"
[NONE ][13:42:04]  Player has joined the server!
[NONE ][13:42:04] CONNECTED    127.0.0.1:50212, origin: "file://"
[NONE ][13:42:05]  Player has joined the server!
[NONE ][13:42:05] CONNECTED    127.0.0.1:50213, origin: "file://"
[NONE ][13:42:06]  Player has joined the server!
[NONE ][13:42:07]  Player has joined the server!
[NONE ][13:42:08]  Player has joined the server!
[NONE ][13:42:08]  Player has joined the server!
[NONE ][13:42:09]  Player has joined the server!
[NONE ][13:42:10]  Player has joined the server!
[NONE ][13:42:10]  Player has joined the server!
[NONE ][13:42:11]  Player has joined the server!
[NONE ][13:42:11]  Player has joined the server!
[NONE ][13:42:12]  Player has joined the server!
[NONE ][13:42:13]  Player has joined the server!
[NONE ][13:42:13]  Player has joined the server!
[NONE ][13:42:14]  Player has joined the server!
[NONE ][13:42:15]  Player has joined the server!
[NONE ][13:42:15]  Player has joined the server!
[NONE ][13:42:15]  Player has joined the server!
[NONE ][13:42:15]  Player has joined the server!
[NONE ][13:42:15]  Player has joined the server!
[NONE ][13:42:15]  Player has joined the server!
[NONE ][13:42:15]  Player has joined the server!
[NONE ][13:42:15]  Player has joined the server!
[NONE ][13:42:15]  Player has joined the server!
[NONE ][13:42:15]  Player has joined the server!
[NONE ][13:42:15]  Player has joined the server!
[NONE ][13:42:15]  Player has joined the server!
[NONE ][13:42:15]  Player has joined the server!
[NONE ][13:42:15]  Player has joined the server!
[NONE ][13:42:15]  Player has joined the server!
[NONE ][13:42:15]  Player has joined the server!
[NONE ][13:42:15]  Player has joined the server!
[NONE ][13:42:15]  Player has joined the server!
[NONE ][13:42:15]  Player has joined the server!
[NONE ][13:42:15]  Player has joined the server!
[NONE ][13:42:15]  Player has joined the server!
[NONE ][13:42:15]  Player has joined the server!
[NONE ][13:42:15]  Player has joined the server!
[NONE ][13:42:15]  Player has joined the server!
[NONE ][13:42:15]  Player has joined the server!
[NONE ][13:42:15]  Player has joined the server!
[NONE ][13:42:15]  Player has joined the server!
[NONE ][13:42:15]  Player has joined the server!
[NONE ][13:42:15]  Player has joined the server!
[NONE ][13:42:15]  Player has joined the server!
[NONE ][13:42:15]  Player has joined the server!
[NONE ][13:42:15]  Player has joined the server!
[NONE ][13:42:16]  Player has joined the server!
[NONE ][13:42:16]  Player has joined the server!
[NONE ][13:42:16]  Player has joined the server!
[NONE ][13:42:16]  Player has joined the server!
[NONE ][13:42:16]  Player has joined the server!
[NONE ][13:42:16]  Player has joined the server!
[NONE ][13:42:16]  Player has joined the server!
[NONE ][13:42:16]  Player has joined the server!
[NONE ][13:42:16]  Player has joined the server!
[NONE ][13:42:16]  Player has joined the server!
[NONE ][13:42:16]  Player has joined the server!
[NONE ][13:42:16]  Player has joined the server!
[NONE ][13:42:16]  Player has joined the server!
[NONE ][13:42:16]  Player has joined the server!
[NONE ][13:42:16]  Player has joined the server!
[NONE ][13:42:16]  Player has joined the server!
[NONE ][13:42:16]  Player has joined the server!
[NONE ][13:42:16]  Player has joined the server!
[NONE ][13:42:16]  Player has joined the server!
[NONE ][13:42:16]  Player has joined the server!
[NONE ][13:42:16]  Player has joined the server!
[NONE ][13:42:16]  Player has joined the server!
[NONE ][13:42:16]  Player has joined the server!
[NONE ][13:42:16]  Player has joined the server!
[NONE ][13:42:16]  Player has joined the server!
[NONE ][13:42:16]  Player has joined the server!
[NONE ][13:42:16]  Player has joined the server!
[NONE ][13:42:16]  Player has joined the server!
[NONE ][13:42:16]  Player has joined the server!
[NONE ][13:42:16]  Player has joined the server!
[NONE ][13:42:16]  Player has joined the server!
[NONE ][13:42:16]  Player has joined the server!
[NONE ][13:42:16]  Player has joined the server!
[NONE ][13:42:16]  Player has joined the server!
[NONE ][13:42:16]  Player has joined the server!
[NONE ][13:42:16]  Player has joined the server!
[NONE ][13:42:16]  Player has joined the server!
[NONE ][13:42:16]  Player has joined the server!
[NONE ][13:42:16]  Player has joined the server!
[NONE ][13:42:16]  Player has joined the server!
[NONE ][13:42:16]  Player has joined the server!
[NONE ][13:42:16]  Player has joined the server!
[NONE ][13:42:16]  Player has joined the server!
[NONE ][13:42:16]  Player has joined the server!
[NONE ][13:42:16]  Player has joined the server!
[NONE ][13:42:16]  Player has joined the server!
[NONE ][13:42:16]  Player has joined the server!
[NONE ][13:42:16]  Player has joined the server!
[NONE ][13:42:16]  Player has joined the server!
[NONE ][13:42:16]  Player has joined the server!
[NONE ][13:42:16]  Player has joined the server!
[NONE ][13:42:16]  Player has joined the server!
[NONE ][13:42:16]  Player has joined the server!
[NONE ][13:42:17]  Player has joined the server!
[NONE ][13:42:17]  Player has joined the server!
[NONE ][13:42:17]  Player has joined the server!
[NONE ][13:42:17]  Player has joined the server!
[NONE ][13:42:17]  Player has joined the server!
[NONE ][13:42:17]  Player has joined the server!
[NONE ][13:42:17]  Player has joined the server!
[NONE ][13:42:17]  Player has joined the server!
[NONE ][13:42:17]  Player has joined the server!
[NONE ][13:42:17]  Player has joined the server!
[NONE ][13:42:17]  Player has joined the server!
[NONE ][13:42:17]  Player has joined the server!
[NONE ][13:42:17]  Player has joined the server!
[NONE ][13:42:17]  Player has joined the server!
[NONE ][13:42:17]  Player has joined the server!
[NONE ][13:42:17]  Player has joined the server!
[NONE ][13:42:17]  Player has joined the server!
[NONE ][13:42:17]  Player has joined the server!
[NONE ][13:42:17]  Player has joined the server!
[NONE ][13:42:17]  Player has joined the server!
[NONE ][13:42:17]  Player has joined the server!
[NONE ][13:42:17]  Player has joined the server!
[NONE ][13:42:17]  Player has joined the server!
[NONE ][13:42:17]  Player has joined the server!
[NONE ][13:42:17]  Player has joined the server!
[NONE ][13:42:17]  Player has joined the server!
[NONE ][13:42:17]  Player has joined the server!
[NONE ][13:42:17]  Player has joined the server!
[NONE ][13:42:17]  Player has joined the server!
[NONE ][13:42:17]  Player has joined the server!
[NONE ][13:42:17]  Player has joined the server!
[NONE ][13:42:17]  Player has joined the server!
[NONE ][13:42:17]  Player has joined the server!
[NONE ][13:42:17]  Player has joined the server!
[NONE ][13:42:17]  Player has joined the server!
[NONE ][13:42:17]  Player has joined the server!
[NONE ][13:42:17]  Player has joined the server!
[NONE ][13:42:17]  Player has joined the server!
[NONE ][13:42:17]  Player has joined the server!
[NONE ][13:42:17]  Player has joined the server!
[NONE ][13:42:17]  Player has joined the server!
[NONE ][13:42:17]  Player has joined the server!
[NONE ][13:42:17]  Player has joined the server!
[NONE ][13:42:17]  Player has joined the server!
[NONE ][13:42:17]  Player has joined the server!
[NONE ][13:42:17]  Player has joined the server!
[NONE ][13:42:17]  Player has joined the server!
[NONE ][13:42:17]  Player has joined the server!
[NONE ][13:42:17]  Player has joined the server!
[NONE ][13:42:17]  Player has joined the server!
[NONE ][13:42:17]  Player has joined the server!
[NONE ][13:42:17]  Player has joined the server!
[NONE ][13:42:17]  Player has joined the server!
[NONE ][13:42:17]  Player has joined the server!
[NONE ][13:42:17]  Player has joined the server!
[NONE ][13:42:17]  Player has joined the server!
[NONE ][13:42:17]  Player has joined the server!
[NONE ][13:42:18]  Player has joined the server!
[NONE ][13:42:18]  Player has joined the server!
[NONE ][13:42:18]  Player has joined the server!
[NONE ][13:42:18]  Player has joined the server!
[NONE ][13:42:18]  Player has joined the server!
[NONE ][13:42:18]  Player has joined the server!
[NONE ][13:42:18]  Player has joined the server!
[NONE ][13:42:18]  Player has joined the server!
[NONE ][13:42:18]  Player has joined the server!
[NONE ][13:42:18]  Player has joined the server!
[NONE ][13:42:18]  Player has joined the server!
[NONE ][13:42:18]  Player has joined the server!
[NONE ][13:42:18]  Player has joined the server!
[NONE ][13:42:18]  Player has joined the server!
[NONE ][13:42:18]  Player has joined the server!
[NONE ][13:42:18]  Player has joined the server!
[NONE ][13:42:18]  Player has joined the server!
[NONE ][13:42:18]  Player has joined the server!
[NONE ][13:42:18]  Player has joined the server!
[NONE ][13:42:18]  Player has joined the server!
[NONE ][13:42:18]  Player has joined the server!
[NONE ][13:42:18]  Player has joined the server!
[NONE ][13:42:18]  Player has joined the server!
[NONE ][13:42:18]  Player has joined the server!
[NONE ][13:42:18]  Player has joined the server!
[NONE ][13:42:18]  Player has joined the server!
[NONE ][13:42:18]  Player has joined the server!
[NONE ][13:42:18]  Player has joined the server!
[NONE ][13:42:18]  Player has joined the server!
[NONE ][13:42:18]  Player has joined the server!
[NONE ][13:42:18]  Player has joined the server!
[NONE ][13:42:18]  Player has joined the server!
[NONE ][13:42:18]  Player has joined the server!
[NONE ][13:42:18]  Player has joined the server!
[NONE ][13:42:18]  Player has joined the server!
[NONE ][13:42:18]  Player has joined the server!
[NONE ][13:42:18]  Player has joined the server!
[NONE ][13:42:18]  Player has joined the server!
[NONE ][13:42:19]  Player has joined the server!
[NONE ][13:42:19]  Player has joined the server!
[NONE ][13:42:20]  Player has joined the server!
[NONE ][13:42:21]  Player has joined the server!
[NONE ][13:42:21]  Player has joined the server!
[NONE ][13:42:22]  Player has joined the server!
[NONE ][13:42:22]  Player has joined the server!
[NONE ][13:42:23]  Player has joined the server!
[NONE ][13:42:23]  Player has joined the server!
[NONE ][13:42:24]  Player has joined the server!
[NONE ][13:42:25]  Player has joined the server!
[NONE ][13:42:25]  Player has joined the server!
[NONE ][13:42:26]  Player has joined the server!
[NONE ][13:42:26]  Player has joined the server!
[NONE ][13:42:27]  Player has joined the server!
[NONE ][13:42:27]  Player has joined the server!
[NONE ][13:42:28]  Player has joined the server!
[NONE ][13:42:29]  Player has joined the server!
[NONE ][13:42:29]  Player has joined the server!
[NONE ][13:42:30]  Player has joined the server!
[NONE ][13:42:30]  Player has joined the server!
[NONE ][13:42:31]  Player has joined the server!
[NONE ][13:42:31]  Player has joined the server!
[NONE ][13:42:32]  Player has joined the server!
[NONE ][13:42:33]  Player has joined the server!
[NONE ][13:42:33]  Player has joined the server!
[NONE ][13:42:34]  Player has joined the server!
[NONE ][13:42:34]  Player has joined the server!
[NONE ][13:42:35]  Player has joined the server!
[NONE ][13:42:35]  Player has joined the server!
[NONE ][13:42:36]  Player has joined the server!
[NONE ][13:42:36]  Player has joined the server!
[NONE ][13:42:37]  Player has joined the server!
[NONE ][13:42:37]  Player has joined the server!
[NONE ][13:42:38]  Player has joined the server!
[NONE ][13:42:38]  Player has joined the server!
[NONE ][13:42:39]  Player has joined the server!
[NONE ][13:42:39]  Player has joined the server!
[NONE ][13:42:40]  Player has joined the server!
[NONE ][13:42:40]  Player has joined the server!
[NONE ][13:42:40]  Player has joined the server!
[NONE ][13:42:41]  Player has joined the server!
[NONE ][13:42:41]  Player has joined the server!
[NONE ][13:42:41]  Player has joined the server!
[NONE ][13:42:42]  Player has joined the server!
[NONE ][13:42:42]  Player has joined the server!
[NONE ][13:42:42]  Player has joined the server!
[NONE ][13:42:43]  Player has joined the server!
[NONE ][13:42:43]  Player has joined the server!
[NONE ][13:42:43]  Player has joined the server!
[NONE ][13:42:44]  Player has joined the server!
[NONE ][13:42:44]  Player has joined the server!
[NONE ][13:42:44]  Player has joined the server!
[NONE ][13:42:45]  Player has joined the server!
[NONE ][13:42:45]  Player has joined the server!
[NONE ][13:42:45]  Player has joined the server!
[NONE ][13:42:46]  Player has joined the server!
[NONE ][13:42:46]  Player has joined the server!
[NONE ][13:42:46]  Player has joined the server!
[NONE ][13:42:47]  Player has joined the server!
[NONE ][13:42:47]  Player has joined the server!
[NONE ][13:42:47]  Player has joined the server!
[NONE ][13:42:48]  Player has joined the server!
[NONE ][13:43:14] >kickall
[NONE ][13:43:14] Kicked "{witch}GLSG ™"
[NONE ][13:43:14] DISCONNECTED 127.0.0.1:50210, code: 1000, reason: "Kicked from server", name: "{witch}GLSG ™"
[NONE ][13:43:14] Kicked "GLSGBots.com"
[NONE ][13:43:14] DISCONNECTED 127.0.0.1:50211, code: 1000, reason: "Kicked from server", name: "GLSGBots.com"
[NONE ][13:43:14] Kicked "GLSGBots.com"
[NONE ][13:43:14] DISCONNECTED 127.0.0.1:50212, code: 1000, reason: "Kicked from server", name: "GLSGBots.com"
[NONE ][13:43:14] Kicked "GLSGBots.com"
[NONE ][13:43:14] DISCONNECTED 127.0.0.1:50213, code: 1000, reason: "Kicked from server", name: "GLSGBots.com"
[NONE ][13:44:50]  Player has joined the server!
[NONE ][13:44:50] CONNECTED    127.0.0.1:50470, origin: "file://"
